Arguments: 
  C:\Program Files\nodejs\node.exe C:\Program Files (x86)\Yarn\bin\yarn.js add sass -D

PATH: 
  D:\TIL\node_modules\.bin;C:\Users\황재영\bin;C:\Program Files\Git\mingw64\bin;C:\Program Files\Git\usr\local\bin;C:\Program Files\Git\usr\bin;C:\Program Files\Git\usr\bin;C:\Program Files\Git\mingw64\bin;C:\Program Files\Git\usr\bin;C:\Users\황재영\bin;C:\Program Files\Common Files\Oracle\Java\javapath;C:\Python39\Scripts;C:\Python39;C:\Program Files\NVIDIA GPU Computing Toolkit\CUDA\v11.0\bin;C:\Program Files\NVIDIA GPU Computing Toolkit\CUDA\v11.0\libnvvp;C:\Program Files (x86)\NAT Service;C:\Program Files (x86)\Intel\iCLS Client;C:\Program Files\Intel\iCLS Client;C:\Windows\system32;C:\Windows;C:\Windows\System32\Wbem;C:\Windows\System32\WindowsPowerShell\v1.0;C:\Program Files (x86)\Intel\Intel(R) Management Engine Components\DAL;C:\Program Files\Intel\Intel(R) Management Engine Components\DAL;C:\Program Files (x86)\Intel\Intel(R) Management Engine Components\IPT;C:\Program Files\Intel\Intel(R) Management Engine Components\IPT;C:\Program Files (x86)\NVIDIA Corporation\PhysX\Common;C:\WINDOWS\system32;C:\WINDOWS;C:\WINDOWS\System32\Wbem;C:\WINDOWS\System32\WindowsPowerShell\v1.0;C:\Program Files (x86)\ESTsoft\ALZip;C:\WINDOWS\System32\WindowsPowerShell\v1.0;C:\WINDOWS\System32\OpenSSH;C:\Program Files\Java\jdk-14.0.1\bin;C:\mecab;C:\Program Files\NVIDIA Corporation\Nsight Compute 2020.1.0;C:\Program Files\NVIDIA Corporation\NVIDIA NvDLISR;C:\ProgramData\chocolatey\bin;C:\Program Files\Git\cmd;C:\Program Files (x86)\Yarn\bin;C:\Program Files\Java\jdk-15.0.2\bin;C:\Program Files\MongoDB\Server\4.4\bin;C:\Users\황재영\Desktop\Projects\YouTubeProject\node_modules\ffmpeg\lib;C:\WINDOWS\system32;C:\WINDOWS;C:\WINDOWS\System32\Wbem;C:\WINDOWS\System32\WindowsPowerShell\v1.0;C:\WINDOWS\System32\OpenSSH;C:\Users\황재영\AppData\Roaming\nvm;C:\Program Files\nodejs;C:\Program Files\nodejs;C:\Program Files\MySQL\MySQL Shell 8.0\bin;C:\Users\황재영\AppData\Local\Programs\Python\Python38\Scripts;C:\Users\황재영\AppData\Local\Programs\Python\Python38;C:\Users\황재영\AppData\Local\Programs\Python\Python38-32\Scripts;C:\Users\황재영\AppData\Local\Programs\Python\Python38-32;C:\Users\황재영\AppData\Local\Microsoft\WindowsApps;C:\Program Files (x86)\ESTsoft\ALZip;C:\Program Files\JetBrains\PyCharm Community Edition 2020.1.1\bin;C:\Users\황재영\AppData\Local\atom\bin;C:\Users\황재영\AppData\Local\Programs\Microsoft VS Code\bin;C:\Users\황재영\AppData\Local\Yarn\bin;C:\ffmpeg-2021-02-07-git-a52b9464e4-full_build\bin;C:\Users\황재영\AppData\Local\Microsoft\WindowsApps;C:\nvm;C:\Program Files\nodejs;C:\Users\황재영\AppData\Roaming\npm;C:\Program Files\Git\usr\bin\vendor_perl;C:\Program Files\Git\usr\bin\core_perl

Yarn version: 
  1.22.5

Node version: 
  14.17.2

Platform: 
  win32 x64

Trace: 
  Error: EPERM: operation not permitted, unlink 'D:\TIL\node_modules\deasync\bin\win32-x64-node-14\deasync.node'

npm manifest: 
  {
    "dependencies": {
      "dotenv": "^10.0.0",
      "normalize-css": "^2.3.1"
    },
    "devDependencies": {
      "parcel-bundler": "^1.12.5"
    }
  }

yarn manifest: 
  No manifest

Lockfile: 
  # THIS IS AN AUTOGENERATED FILE. DO NOT EDIT THIS FILE DIRECTLY.
  # yarn lockfile v1
  
  
  dotenv@^10.0.0:
    version "10.0.0"
    resolved "https://registry.yarnpkg.com/dotenv/-/dotenv-10.0.0.tgz#3d4227b8fb95f81096cdd2b66653fb2c7085ba81"
    integrity sha512-rlBi9d8jpv9Sf1klPjNfFAuWDjKLwTIJJ/VxtoTwIR6hnZxcEOQCZg2oIL3MWBYw5GpUDKOEnND7LXTbIpQ03Q==
